e$ cmake -B build/linux -G "Ninja Multi-Config" -DLY_UNITY_BUILD=OFF -DCMAKE_EXPORT_COMPILE_COMMANDS=ON -DLY_PARALLEL_LINK_JOBS=16 -DLY_STRIP_DEBUG_SYMBOLS=OFF
-- Using package /home/haoyin/.o3de/3rdParty/packages/zlib-1.2.11-rev5-linux
-- Using the O3DE version of the ZLIB library from /home/haoyin/.o3de/3rdParty/packages/zlib-1.2.11-rev5-linux
-- Using package /home/haoyin/.o3de/3rdParty/packages/qt-5.15.2-rev8-linux
-- Using package /home/haoyin/o3de/python/runtime/python-3.10.5-rev2-linux
-- Using Python 3.10.5 at /home/haoyin/o3de/python/runtime/python-3.10.5-rev2-linux/python/bin/python
-- Using package /home/haoyin/.o3de/3rdParty/packages/RapidJSON-1.1.0-rev1-multiplatform
-- Using package /home/haoyin/.o3de/3rdParty/packages/Lua-5.4.4-rev1-linux
-- Using package /home/haoyin/.o3de/3rdParty/packages/RapidXML-1.13-rev1-multiplatform
-- Using package /home/haoyin/.o3de/3rdParty/packages/zstd-1.35-multiplatform
-- Using package /home/haoyin/.o3de/3rdParty/packages/cityhash-1.1-multiplatform
-- Using package /home/haoyin/.o3de/3rdParty/packages/googletest-1.8.1-rev4-linux
-- Using package /home/haoyin/.o3de/3rdParty/packages/googlebenchmark-1.7.0-rev1-linux
-- Using package /home/haoyin/.o3de/3rdParty/packages/lz4-1.9.3-vcpkg-rev4-linux
-- Using package /home/haoyin/.o3de/3rdParty/packages/SQLite-3.37.2-rev1-linux
-- Using package /home/haoyin/.o3de/3rdParty/packages/expat-2.4.2-rev2-linux
-- Using package /home/haoyin/.o3de/3rdParty/packages/md5-2.0-multiplatform
-- Using package /home/haoyin/.o3de/3rdParty/packages/tiff-4.2.0.15-rev3-linux
-- Using package /home/haoyin/.o3de/3rdParty/packages/assimp-5.2.5-rev1-linux
-- Using package /home/haoyin/.o3de/3rdParty/packages/xxhash-0.7.4-rev1-multiplatform
-- Using package /home/haoyin/.o3de/3rdParty/packages/AWSNativeSDK-1.9.50-rev2-linux-openssl-3
-- Using package /home/haoyin/.o3de/3rdParty/packages/pybind11-2.10.0-rev1-multiplatform
-- Using package /home/haoyin/.o3de/3rdParty/packages/vulkan-validationlayers-1.2.198-rev1-linux
-- Using package /home/haoyin/.o3de/3rdParty/packages/mcpp-2.7.2_az.2-rev1-linux
-- Using package /home/haoyin/.o3de/3rdParty/packages/DirectXShaderCompilerDxc-1.6.2112-o3de-rev1-linux
-- Using package /home/haoyin/.o3de/3rdParty/packages/SPIRVCross-2021.04.29-rev1-linux
-- Using package /home/haoyin/.o3de/3rdParty/packages/azslc-1.8.9-rev2-linux
-- Using package /home/haoyin/.o3de/3rdParty/packages/astc-encoder-3.2-rev2-linux
-- Using package /home/haoyin/.o3de/3rdParty/packages/squish-ccr-deb557d-rev1-linux
-- Using package /home/haoyin/.o3de/3rdParty/packages/ISPCTexComp-36b80aa-rev1-linux
-- Using package /home/haoyin/.o3de/3rdParty/packages/OpenEXR-3.1.3-rev4-linux
-- Using package /home/haoyin/.o3de/3rdParty/packages/openimageio-opencolorio-2.3.17-rev2-linux
-- Using package /home/haoyin/.o3de/3rdParty/packages/png-1.6.37-rev2-linux
-- Using package /home/haoyin/.o3de/3rdParty/packages/freetype-2.11.1-rev1-linux
-- Using package /home/haoyin/.o3de/3rdParty/packages/pyside2-5.15.2.1-py3.10-rev6-linux
-- Using package /home/haoyin/.o3de/3rdParty/packages/AWSGameLiftServerSDK-3.4.2-rev1-linux
-- Using package /home/haoyin/.o3de/3rdParty/packages/libsamplerate-0.2.1-rev2-linux
-- Using package /home/haoyin/.o3de/3rdParty/packages/NvCloth-v1.1.6-4-gd243404-pr58-rev1-linux
-- Using package /home/haoyin/.o3de/3rdParty/packages/PhysX-4.1.2.29882248-rev5-linux
-- Using package /home/haoyin/.o3de/3rdParty/packages/poly2tri-7f0487a-rev1-linux
-- Using package /home/haoyin/.o3de/3rdParty/packages/v-hacd-2.3-1a49edf-rev1-linux
-- Using package /home/haoyin/.o3de/3rdParty/packages/mikkelsen-1.0.0.4-linux
-- Found rclcpp: 16.0.3 (/opt/ros/humble/share/rclcpp/cmake)
-- Found rosidl_generator_c: 3.1.4 (/opt/ros/humble/share/rosidl_generator_c/cmake)
-- Found rosidl_adapter: 3.1.4 (/opt/ros/humble/share/rosidl_adapter/cmake)
-- Found rosidl_generator_cpp: 3.1.4 (/opt/ros/humble/share/rosidl_generator_cpp/cmake)
-- Using all available rosidl_typesupport_c: rosidl_typesupport_fastrtps_c;rosidl_typesupport_introspection_c
-- Using all available rosidl_typesupport_cpp: rosidl_typesupport_fastrtps_cpp;rosidl_typesupport_introspection_cpp
-- Found rmw_implementation_cmake: 6.1.1 (/opt/ros/humble/share/rmw_implementation_cmake/cmake)
-- Found rmw_fastrtps_cpp: 6.2.2 (/opt/ros/humble/share/rmw_fastrtps_cpp/cmake)
-- Using RMW implementation 'rmw_fastrtps_cpp' as default
-- Found sensor_msgs: 4.2.3 (/opt/ros/humble/share/sensor_msgs/cmake)
-- Found nav_msgs: 4.2.3 (/opt/ros/humble/share/nav_msgs/cmake)
-- Found tf2_ros: 0.25.2 (/opt/ros/humble/share/tf2_ros/cmake)
-- Found ackermann_msgs: 2.0.2 (/opt/ros/humble/share/ackermann_msgs/cmake)
-- Found gazebo_msgs: 3.7.0 (/opt/ros/humble/share/gazebo_msgs/cmake)
-- Found control_toolbox: 2.1.2 (/opt/ros/humble/share/control_toolbox/cmake)
CMake Error at /home/haoyin/o3de/cmake/Gems.cmake:80 (message):
  Target already exists, cannot create an alias for it:
  Gem::RosRobotSample.Builders

  Make sure the target wasn't copy and pasted here or elsewhere.
Call Stack (most recent call first):
  Gem/CMakeLists.txt:74 (ly_create_alias)

